2025-07-23 08:29:20,406 - INFO - 🚀 Starting Race Condition Experiment - Run ID: 20250723_012920
2025-07-23 08:29:21,320 - INFO - HTTP Request: POST https://api.devnet.solana.com/ "HTTP/1.1 200 OK"
2025-07-23 08:29:21,322 - INFO - ✅ Connected to: https://api.devnet.solana.com/
2025-07-23 08:29:21,323 - INFO - ✅ Keypair loaded: 3gWiP7kKdyiVgbJt5hudboTso1ZGNxfNPuqdQj767EKy
2025-07-23 08:29:21,323 - INFO - 🎯 Target recipient: 3gWiP7kKdyiVgbJt5hudboTso1ZGNxfNPuqdQj767EKy
2025-07-23 08:29:21,516 - INFO - HTTP Request: POST https://api.devnet.solana.com/ "HTTP/1.1 200 OK"
2025-07-23 08:29:21,517 - INFO - 💰 Current balance: 5.393864 SOL
2025-07-23 08:29:21,518 - INFO - 🔨 Creating transaction for race condition test...
2025-07-23 08:29:21,711 - INFO - HTTP Request: POST https://api.devnet.solana.com/ "HTTP/1.1 200 OK"
2025-07-23 08:29:21,712 - INFO - 🔗 Using blockhash: 8viyDu5CkNkd9fhneMhmEk1JDrdXmu6mJXExDyCb7faY
2025-07-23 08:29:21,713 - INFO - ✅ Transaction created for 3gWiP7kKdyiVgbJt5hudboTso1ZGNxfNPuqdQj767EKy
2025-07-23 08:29:21,714 - INFO - 📝 Unique Signature: 4akWKACx5DbdtJmdMJfmNe4V8DReCvLknT3TEjPpnU1UTGbBBysus5Jd6kdKwKSogUiN3ikixoQm7EJYPVDKepTV
2025-07-23 08:29:21,714 - INFO - 📋 Experiment setup complete:
2025-07-23 08:29:21,715 - INFO -    🔑 Unique Signature: 4akWKACx5DbdtJmdMJfmNe4V8DReCvLknT3TEjPpnU1UTGbBBysus5Jd6kdKwKSogUiN3ikixoQm7EJYPVDKepTV
2025-07-23 08:29:21,715 - INFO -    📤 Will be submitted 15 times concurrently
2025-07-23 08:29:21,715 - INFO - ==================================================
2025-07-23 08:29:21,715 - INFO - 📤 PHASE 1: CONCURRENT SUBMISSION
2025-07-23 08:29:21,716 - INFO - ==================================================
2025-07-23 08:29:21,716 - INFO - 🚀 Launching 15 concurrent submissions...
2025-07-23 08:29:21,717 - INFO - 📤 Task 15: SUBMITTED with signature 4akWKACx5DbdtJmdMJfmNe4V8DReCvLknT3TEjPpnU1UTGbBBysus5Jd6kdKwKSogUiN3ikixoQm7EJYPVDKepTV
2025-07-23 08:29:21,718 - INFO - 📤 Task 1: SUBMITTED with signature 4akWKACx5DbdtJmdMJfmNe4V8DReCvLknT3TEjPpnU1UTGbBBysus5Jd6kdKwKSogUiN3ikixoQm7EJYPVDKepTV
2025-07-23 08:29:21,719 - INFO - 📤 Task 2: SUBMITTED with signature 4akWKACx5DbdtJmdMJfmNe4V8DReCvLknT3TEjPpnU1UTGbBBysus5Jd6kdKwKSogUiN3ikixoQm7EJYPVDKepTV
2025-07-23 08:29:21,720 - INFO - 📤 Task 3: SUBMITTED with signature 4akWKACx5DbdtJmdMJfmNe4V8DReCvLknT3TEjPpnU1UTGbBBysus5Jd6kdKwKSogUiN3ikixoQm7EJYPVDKepTV
2025-07-23 08:29:21,721 - INFO - 📤 Task 4: SUBMITTED with signature 4akWKACx5DbdtJmdMJfmNe4V8DReCvLknT3TEjPpnU1UTGbBBysus5Jd6kdKwKSogUiN3ikixoQm7EJYPVDKepTV
2025-07-23 08:29:21,722 - INFO - 📤 Task 5: SUBMITTED with signature 4akWKACx5DbdtJmdMJfmNe4V8DReCvLknT3TEjPpnU1UTGbBBysus5Jd6kdKwKSogUiN3ikixoQm7EJYPVDKepTV
2025-07-23 08:29:21,723 - INFO - 📤 Task 6: SUBMITTED with signature 4akWKACx5DbdtJmdMJfmNe4V8DReCvLknT3TEjPpnU1UTGbBBysus5Jd6kdKwKSogUiN3ikixoQm7EJYPVDKepTV
2025-07-23 08:29:21,723 - INFO - 📤 Task 7: SUBMITTED with signature 4akWKACx5DbdtJmdMJfmNe4V8DReCvLknT3TEjPpnU1UTGbBBysus5Jd6kdKwKSogUiN3ikixoQm7EJYPVDKepTV
2025-07-23 08:29:21,724 - INFO - 📤 Task 8: SUBMITTED with signature 4akWKACx5DbdtJmdMJfmNe4V8DReCvLknT3TEjPpnU1UTGbBBysus5Jd6kdKwKSogUiN3ikixoQm7EJYPVDKepTV
2025-07-23 08:29:21,725 - INFO - 📤 Task 9: SUBMITTED with signature 4akWKACx5DbdtJmdMJfmNe4V8DReCvLknT3TEjPpnU1UTGbBBysus5Jd6kdKwKSogUiN3ikixoQm7EJYPVDKepTV
2025-07-23 08:29:21,726 - INFO - 📤 Task 10: SUBMITTED with signature 4akWKACx5DbdtJmdMJfmNe4V8DReCvLknT3TEjPpnU1UTGbBBysus5Jd6kdKwKSogUiN3ikixoQm7EJYPVDKepTV
2025-07-23 08:29:21,727 - INFO - 📤 Task 11: SUBMITTED with signature 4akWKACx5DbdtJmdMJfmNe4V8DReCvLknT3TEjPpnU1UTGbBBysus5Jd6kdKwKSogUiN3ikixoQm7EJYPVDKepTV
2025-07-23 08:29:21,728 - INFO - 📤 Task 12: SUBMITTED with signature 4akWKACx5DbdtJmdMJfmNe4V8DReCvLknT3TEjPpnU1UTGbBBysus5Jd6kdKwKSogUiN3ikixoQm7EJYPVDKepTV
2025-07-23 08:29:21,729 - INFO - 📤 Task 13: SUBMITTED with signature 4akWKACx5DbdtJmdMJfmNe4V8DReCvLknT3TEjPpnU1UTGbBBysus5Jd6kdKwKSogUiN3ikixoQm7EJYPVDKepTV
2025-07-23 08:29:21,730 - INFO - 📤 Task 14: SUBMITTED with signature 4akWKACx5DbdtJmdMJfmNe4V8DReCvLknT3TEjPpnU1UTGbBBysus5Jd6kdKwKSogUiN3ikixoQm7EJYPVDKepTV
2025-07-23 08:29:21,922 - INFO - HTTP Request: POST https://api.devnet.solana.com/ "HTTP/1.1 200 OK"
2025-07-23 08:29:22,322 - INFO - HTTP Request: POST https://api.devnet.solana.com/ "HTTP/1.1 200 OK"
2025-07-23 08:29:22,337 - INFO - HTTP Request: POST https://api.devnet.solana.com/ "HTTP/1.1 200 OK"
2025-07-23 08:29:22,343 - INFO - HTTP Request: POST https://api.devnet.solana.com/ "HTTP/1.1 200 OK"
2025-07-23 08:29:22,346 - INFO - HTTP Request: POST https://api.devnet.solana.com/ "HTTP/1.1 200 OK"
2025-07-23 08:29:22,348 - INFO - HTTP Request: POST https://api.devnet.solana.com/ "HTTP/1.1 200 OK"
2025-07-23 08:29:22,361 - INFO - HTTP Request: POST https://api.devnet.solana.com/ "HTTP/1.1 200 OK"
2025-07-23 08:29:22,367 - INFO - HTTP Request: POST https://api.devnet.solana.com/ "HTTP/1.1 200 OK"
2025-07-23 08:29:22,381 - INFO - HTTP Request: POST https://api.devnet.solana.com/ "HTTP/1.1 200 OK"
2025-07-23 08:29:22,383 - INFO - HTTP Request: POST https://api.devnet.solana.com/ "HTTP/1.1 200 OK"
2025-07-23 08:29:22,384 - INFO - HTTP Request: POST https://api.devnet.solana.com/ "HTTP/1.1 200 OK"
2025-07-23 08:29:22,385 - INFO - HTTP Request: POST https://api.devnet.solana.com/ "HTTP/1.1 200 OK"
2025-07-23 08:29:22,387 - INFO - HTTP Request: POST https://api.devnet.solana.com/ "HTTP/1.1 200 OK"
2025-07-23 08:29:22,388 - INFO - HTTP Request: POST https://api.devnet.solana.com/ "HTTP/1.1 200 OK"
2025-07-23 08:29:22,389 - INFO - HTTP Request: POST https://api.devnet.solana.com/ "HTTP/1.1 200 OK"
2025-07-23 08:29:22,391 - INFO - 📊 Submission phase complete
2025-07-23 08:29:22,391 - INFO - ==================================================
2025-07-23 08:29:22,391 - INFO - 🔍 PHASE 2: FINALIZATION CHECK
2025-07-23 08:29:22,392 - INFO - ==================================================
2025-07-23 08:29:22,392 - INFO - ⏳ Waiting 5 seconds for network processing...
2025-07-23 08:29:27,408 - INFO - 🔍 Finalization check for 4akWKACx5DbdtJmdMJfmNe4V8DReCvLknT3TEjPpnU1UTGbBBysus5Jd6kdKwKSogUiN3ikixoQm7EJYPVDKepTV...
2025-07-23 08:29:28,030 - INFO - HTTP Request: POST https://api.devnet.solana.com/ "HTTP/1.1 200 OK"
2025-07-23 08:29:28,031 - INFO - ✅ SUCCESS: Signature 4akWKACx5DbdtJmdMJfmNe4V8DReCvLknT3TEjPpnU1UTGbBBysus5Jd6kdKwKSogUiN3ikixoQm7EJYPVDKepTV was confirmed on-chain
2025-07-23 08:29:28,033 - INFO - 📄 Submission results written to race_condition_summary.csv
2025-07-23 08:29:28,036 - INFO - 🎉 Race Condition Experiment Complete.
