2025-07-20 19:01:43,128 - INFO - 🚀 Starting Two-Phase Race Condition Test - Run ID: 20250720_120143
2025-07-20 19:01:46,515 - INFO - HTTP Request: POST https://devnet.helius-rpc.com/?api-key=fadc60cf-6297-4317-acc8-9f6441ff7025 "HTTP/1.1 200 OK"
2025-07-20 19:01:46,518 - INFO - ✅ Connected to: https://devnet.helius-rpc.com/?api-key=fadc60cf-6297-4317-acc8-9f6441ff7025
2025-07-20 19:01:46,519 - INFO - ✅ Keypair loaded: 3gWiP7kKdyiVgbJt5hudboTso1ZGNxfNPuqdQj767EKy
2025-07-20 19:01:46,520 - INFO - 🎯 Target recipient: 3gWiP7kKdyiVgbJt5hudboTso1ZGNxfNPuqdQj767EKy
2025-07-20 19:01:46,801 - INFO - HTTP Request: POST https://devnet.helius-rpc.com/?api-key=fadc60cf-6297-4317-acc8-9f6441ff7025 "HTTP/1.1 200 OK"
2025-07-20 19:01:46,803 - INFO - 💰 Current balance: 5.393919 SOL
2025-07-20 19:01:46,804 - INFO - 🔨 Creating transaction for race condition test...
2025-07-20 19:01:47,127 - INFO - HTTP Request: POST https://devnet.helius-rpc.com/?api-key=fadc60cf-6297-4317-acc8-9f6441ff7025 "HTTP/1.1 200 OK"
2025-07-20 19:01:47,129 - INFO - 🔗 Using blockhash: 9CaC6PtZWpZqBHiFaNy3gGQeKc9HDCcZMurQCHF6bBcc
2025-07-20 19:01:47,131 - INFO - ✅ Transaction created for 3gWiP7kKdyiVgbJt5hudboTso1ZGNxfNPuqdQj767EKy
2025-07-20 19:01:47,131 - INFO - 📝 Signature: 5SE77vDTJCTBr6mFqxcxmFNN9mRcRYzBKpwY8X84TG9mKybL7onLox4LMme3dBpMz3wNTRiherMduFtaZtgyA29F
2025-07-20 19:01:47,131 - INFO - 📋 Transaction to be tested:
2025-07-20 19:01:47,132 - INFO -    🔑 Signature: 5SE77vDTJCTBr6mFqxcxmFNN9mRcRYzBKpwY8X84TG9mKybL7onLox4LMme3dBpMz3wNTRiherMduFtaZtgyA29F
2025-07-20 19:01:47,132 - INFO -    📤 Will be submitted 5 times concurrently
2025-07-20 19:01:47,132 - INFO - ============================================================
2025-07-20 19:01:47,133 - INFO - 📤 PHASE 1: CONCURRENT SUBMISSION
2025-07-20 19:01:47,134 - INFO - ============================================================
2025-07-20 19:01:47,134 - INFO - 🚀 Launching 5 concurrent submissions...
2025-07-20 19:01:47,135 - INFO - 🚀 Task 1: Waiting at submission barrier...
2025-07-20 19:01:47,137 - INFO - 🚀 Task 2: Waiting at submission barrier...
2025-07-20 19:01:47,137 - INFO - 🚀 Task 3: Waiting at submission barrier...
2025-07-20 19:01:47,138 - INFO - 🚀 Task 4: Waiting at submission barrier...
2025-07-20 19:01:47,139 - INFO - 🚀 Task 5: Waiting at submission barrier...
2025-07-20 19:01:47,141 - INFO - 📤 Task 5: SUBMITTING - 5SE77vDTJCTBr6mFqxcxmFNN9mRcRYzBKpwY8X84TG9mKybL7onLox4LMme3dBpMz3wNTRiherMduFtaZtgyA29F
2025-07-20 19:01:47,142 - INFO - 📤 Task 1: SUBMITTING - 5SE77vDTJCTBr6mFqxcxmFNN9mRcRYzBKpwY8X84TG9mKybL7onLox4LMme3dBpMz3wNTRiherMduFtaZtgyA29F
2025-07-20 19:01:47,144 - INFO - 📤 Task 2: SUBMITTING - 5SE77vDTJCTBr6mFqxcxmFNN9mRcRYzBKpwY8X84TG9mKybL7onLox4LMme3dBpMz3wNTRiherMduFtaZtgyA29F
2025-07-20 19:01:47,145 - INFO - 📤 Task 3: SUBMITTING - 5SE77vDTJCTBr6mFqxcxmFNN9mRcRYzBKpwY8X84TG9mKybL7onLox4LMme3dBpMz3wNTRiherMduFtaZtgyA29F
2025-07-20 19:01:47,146 - INFO - 📤 Task 4: SUBMITTING - 5SE77vDTJCTBr6mFqxcxmFNN9mRcRYzBKpwY8X84TG9mKybL7onLox4LMme3dBpMz3wNTRiherMduFtaZtgyA29F
2025-07-20 19:01:47,460 - INFO - HTTP Request: POST https://devnet.helius-rpc.com/?api-key=fadc60cf-6297-4317-acc8-9f6441ff7025 "HTTP/1.1 200 OK"
2025-07-20 19:01:47,462 - INFO - ✅ Task 5: SUBMISSION SUCCESS - 5SE77vDTJCTBr6mFqxcxmFNN9mRcRYzBKpwY8X84TG9mKybL7onLox4LMme3dBpMz3wNTRiherMduFtaZtgyA29F
2025-07-20 19:01:47,741 - INFO - HTTP Request: POST https://devnet.helius-rpc.com/?api-key=fadc60cf-6297-4317-acc8-9f6441ff7025 "HTTP/1.1 200 OK"
2025-07-20 19:01:47,744 - INFO - HTTP Request: POST https://devnet.helius-rpc.com/?api-key=fadc60cf-6297-4317-acc8-9f6441ff7025 "HTTP/1.1 200 OK"
2025-07-20 19:01:47,746 - INFO - ✅ Task 4: SUBMISSION SUCCESS - 5SE77vDTJCTBr6mFqxcxmFNN9mRcRYzBKpwY8X84TG9mKybL7onLox4LMme3dBpMz3wNTRiherMduFtaZtgyA29F
2025-07-20 19:01:47,747 - INFO - ✅ Task 1: SUBMISSION SUCCESS - 5SE77vDTJCTBr6mFqxcxmFNN9mRcRYzBKpwY8X84TG9mKybL7onLox4LMme3dBpMz3wNTRiherMduFtaZtgyA29F
2025-07-20 19:01:47,749 - INFO - HTTP Request: POST https://devnet.helius-rpc.com/?api-key=fadc60cf-6297-4317-acc8-9f6441ff7025 "HTTP/1.1 200 OK"
2025-07-20 19:01:47,752 - INFO - HTTP Request: POST https://devnet.helius-rpc.com/?api-key=fadc60cf-6297-4317-acc8-9f6441ff7025 "HTTP/1.1 200 OK"
2025-07-20 19:01:47,754 - INFO - ✅ Task 2: SUBMISSION SUCCESS - 5SE77vDTJCTBr6mFqxcxmFNN9mRcRYzBKpwY8X84TG9mKybL7onLox4LMme3dBpMz3wNTRiherMduFtaZtgyA29F
2025-07-20 19:01:47,755 - INFO - ✅ Task 3: SUBMISSION SUCCESS - 5SE77vDTJCTBr6mFqxcxmFNN9mRcRYzBKpwY8X84TG9mKybL7onLox4LMme3dBpMz3wNTRiherMduFtaZtgyA29F
2025-07-20 19:01:47,756 - INFO - 📊 Submission Phase Complete: 5 signatures to confirm
2025-07-20 19:01:47,756 - INFO - ============================================================
2025-07-20 19:01:47,757 - INFO - 🔍 PHASE 2: BLOCKCHAIN CONFIRMATION
2025-07-20 19:01:47,757 - INFO - ============================================================
2025-07-20 19:01:47,757 - INFO - ⏳ Waiting 5 seconds before confirmation checks...
2025-07-20 19:01:52,764 - INFO - 🔍 Checking confirmation status for 5 signatures...
2025-07-20 19:01:52,765 - INFO - 🔍 Task 1: CHECKING CONFIRMATION - 5SE77vDTJCTBr6mFqxcxmFNN9mRcRYzBKpwY8X84TG9mKybL7onLox4LMme3dBpMz3wNTRiherMduFtaZtgyA29F
2025-07-20 19:01:52,769 - INFO - 🔍 Task 2: CHECKING CONFIRMATION - 5SE77vDTJCTBr6mFqxcxmFNN9mRcRYzBKpwY8X84TG9mKybL7onLox4LMme3dBpMz3wNTRiherMduFtaZtgyA29F
2025-07-20 19:01:52,771 - INFO - 🔍 Task 3: CHECKING CONFIRMATION - 5SE77vDTJCTBr6mFqxcxmFNN9mRcRYzBKpwY8X84TG9mKybL7onLox4LMme3dBpMz3wNTRiherMduFtaZtgyA29F
2025-07-20 19:01:52,773 - INFO - 🔍 Task 4: CHECKING CONFIRMATION - 5SE77vDTJCTBr6mFqxcxmFNN9mRcRYzBKpwY8X84TG9mKybL7onLox4LMme3dBpMz3wNTRiherMduFtaZtgyA29F
2025-07-20 19:01:52,775 - INFO - 🔍 Task 5: CHECKING CONFIRMATION - 5SE77vDTJCTBr6mFqxcxmFNN9mRcRYzBKpwY8X84TG9mKybL7onLox4LMme3dBpMz3wNTRiherMduFtaZtgyA29F
2025-07-20 19:01:53,271 - INFO - HTTP Request: POST https://devnet.helius-rpc.com/?api-key=fadc60cf-6297-4317-acc8-9f6441ff7025 "HTTP/1.1 200 OK"
2025-07-20 19:01:53,273 - INFO - HTTP Request: POST https://devnet.helius-rpc.com/?api-key=fadc60cf-6297-4317-acc8-9f6441ff7025 "HTTP/1.1 200 OK"
2025-07-20 19:01:53,275 - INFO - ✅ Task 5: CONFIRMED ON BLOCKCHAIN - 5SE77vDTJCTBr6mFqxcxmFNN9mRcRYzBKpwY8X84TG9mKybL7onLox4LMme3dBpMz3wNTRiherMduFtaZtgyA29F
2025-07-20 19:01:53,276 - INFO - HTTP Request: POST https://devnet.helius-rpc.com/?api-key=fadc60cf-6297-4317-acc8-9f6441ff7025 "HTTP/1.1 200 OK"
2025-07-20 19:01:53,278 - INFO - HTTP Request: POST https://devnet.helius-rpc.com/?api-key=fadc60cf-6297-4317-acc8-9f6441ff7025 "HTTP/1.1 200 OK"
2025-07-20 19:01:53,281 - INFO - HTTP Request: POST https://devnet.helius-rpc.com/?api-key=fadc60cf-6297-4317-acc8-9f6441ff7025 "HTTP/1.1 200 OK"
2025-07-20 19:01:53,283 - INFO - ✅ Task 3: CONFIRMED ON BLOCKCHAIN - 5SE77vDTJCTBr6mFqxcxmFNN9mRcRYzBKpwY8X84TG9mKybL7onLox4LMme3dBpMz3wNTRiherMduFtaZtgyA29F
2025-07-20 19:01:53,284 - INFO - ✅ Task 2: CONFIRMED ON BLOCKCHAIN - 5SE77vDTJCTBr6mFqxcxmFNN9mRcRYzBKpwY8X84TG9mKybL7onLox4LMme3dBpMz3wNTRiherMduFtaZtgyA29F
2025-07-20 19:01:53,285 - INFO - ✅ Task 4: CONFIRMED ON BLOCKCHAIN - 5SE77vDTJCTBr6mFqxcxmFNN9mRcRYzBKpwY8X84TG9mKybL7onLox4LMme3dBpMz3wNTRiherMduFtaZtgyA29F
2025-07-20 19:01:53,287 - INFO - ✅ Task 1: CONFIRMED ON BLOCKCHAIN - 5SE77vDTJCTBr6mFqxcxmFNN9mRcRYzBKpwY8X84TG9mKybL7onLox4LMme3dBpMz3wNTRiherMduFtaZtgyA29F
2025-07-20 19:01:53,289 - INFO - 📄 Results written to race_condition_detailed_log.csv
2025-07-20 19:01:53,297 - INFO - 🎉 Two-Phase Race Condition Test Complete.
